<?xml version="1.0" encoding="UTF-8"?>
<!-- Generated by org.testng.reporters.JUnitReportReporter -->
<testsuite hostname="LAPTOP-J01TQCUN" failures="0" tests="1" name="com.project.TestCases.TC_LoginUser_002" time="10.540" errors="0" timestamp="2021-08-10T11:25:09 IST" skipped="0">
  <testcase classname="com.project.TestCases.TC_LoginUser_002" name="VerifyLoginUserDetails" time="10.540"/>
  <system-out/>
</testsuite> <!-- com.project.TestCases.TC_LoginUser_002 -->
