<?xml version="1.0" encoding="UTF-8"?>
<!-- Generated by org.testng.reporters.JUnitReportReporter -->
<testsuite hostname="LAPTOP-J01TQCUN" failures="0" tests="1" name="com.project.TestCases.TC_ItemAddToCart_003" time="47.477" errors="0" timestamp="2021-08-11T11:15:01 IST" skipped="0">
  <testcase classname="com.project.TestCases.TC_ItemAddToCart_003" name="VerifyAddToCartItems" time="47.477"/>
  <system-out/>
</testsuite> <!-- com.project.TestCases.TC_ItemAddToCart_003 -->
