<?xml version="1.0" encoding="UTF-8"?>
<!-- Generated by org.testng.reporters.JUnitReportReporter -->
<testsuite hostname="LAPTOP-J01TQCUN" failures="0" tests="1" name="com.project.TestCases.TC_RegistorUser_001" time="10.695" errors="0" timestamp="2021-08-13T11:18:48 IST" skipped="0">
  <testcase classname="com.project.TestCases.TC_RegistorUser_001" name="VerifyUserRegistorDetails" time="10.695"/>
  <system-out/>
</testsuite> <!-- com.project.TestCases.TC_RegistorUser_001 -->
